{"/Users/Huangying/Repositories/DevOps_M2/target.js":{"path":"/Users/Huangying/Repositories/DevOps_M2/target.js","s":{"1":1,"2":1,"3":11,"4":1,"5":10,"6":2,"7":1,"8":1,"9":8,"10":1,"11":7,"12":1,"13":1,"14":1,"15":110,"16":77,"17":33,"18":33,"19":1,"20":1,"21":1,"22":32,"23":2,"24":2,"25":30,"26":0,"27":0,"28":0,"29":0,"30":0,"31":0,"32":0,"33":0,"34":0,"35":0,"36":0,"37":0,"38":0,"39":0,"40":0,"41":0,"42":0,"43":0,"44":0,"45":0,"46":33,"47":1,"48":1,"49":1,"50":1,"51":1,"52":0,"53":1,"54":20,"55":10,"56":10,"57":10,"58":5,"59":5,"60":5,"61":5,"62":0,"63":1,"64":1,"65":1,"66":1},"b":{"1":[1,10],"2":[2,8],"3":[1,1],"4":[1,7],"5":[77,33],"6":[110,110,66,60],"7":[33,0],"8":[1,32],"9":[33,11],"10":[2,30],"11":[0,0],"12":[0,0],"13":[0,0],"14":[0,0],"15":[0,0],"16":[0,0],"17":[0,0],"18":[0,0],"19":[1,0],"20":[1,0],"21":[10,10],"22":[5,5],"23":[5,0]},"f":{"1":11,"2":110,"3":1,"4":20},"fnMap":{"1":{"name":"checkLeapYear","line":4,"loc":{"start":{"line":4,"column":0},"end":{"line":4,"column":25}}},"2":{"name":"getTomorrowDate","line":33,"loc":{"start":{"line":33,"column":0},"end":{"line":33,"column":45}}},"3":{"name":"extractDate","line":104,"loc":{"start":{"line":104,"column":0},"end":{"line":105,"column":0}}},"4":{"name":"checkResult","line":120,"loc":{"start":{"line":120,"column":0},"end":{"line":121,"column":0}}}},"statementMap":{"1":{"start":{"line":2,"column":0},"end":{"line":2,"column":23}},"2":{"start":{"line":4,"column":0},"end":{"line":28,"column":1}},"3":{"start":{"line":5,"column":2},"end":{"line":6,"column":13}},"4":{"start":{"line":6,"column":4},"end":{"line":6,"column":13}},"5":{"start":{"line":8,"column":2},"end":{"line":18,"column":3}},"6":{"start":{"line":10,"column":4},"end":{"line":17,"column":5}},"7":{"start":{"line":12,"column":6},"end":{"line":12,"column":15}},"8":{"start":{"line":16,"column":6},"end":{"line":16,"column":15}},"9":{"start":{"line":20,"column":2},"end":{"line":27,"column":3}},"10":{"start":{"line":22,"column":4},"end":{"line":22,"column":13}},"11":{"start":{"line":26,"column":4},"end":{"line":26,"column":13}},"12":{"start":{"line":30,"column":0},"end":{"line":30,"column":40}},"13":{"start":{"line":31,"column":0},"end":{"line":31,"column":32}},"14":{"start":{"line":33,"column":0},"end":{"line":102,"column":1}},"15":{"start":{"line":34,"column":4},"end":{"line":35,"column":17}},"16":{"start":{"line":35,"column":8},"end":{"line":35,"column":17}},"17":{"start":{"line":37,"column":4},"end":{"line":99,"column":5}},"18":{"start":{"line":39,"column":8},"end":{"line":53,"column":9}},"19":{"start":{"line":41,"column":12},"end":{"line":41,"column":22}},"20":{"start":{"line":42,"column":12},"end":{"line":42,"column":22}},"21":{"start":{"line":43,"column":12},"end":{"line":43,"column":20}},"22":{"start":{"line":45,"column":13},"end":{"line":53,"column":9}},"23":{"start":{"line":47,"column":12},"end":{"line":47,"column":23}},"24":{"start":{"line":48,"column":12},"end":{"line":48,"column":20}},"25":{"start":{"line":52,"column":12},"end":{"line":52,"column":21}},"26":{"start":{"line":55,"column":9},"end":{"line":99,"column":5}},"27":{"start":{"line":57,"column":8},"end":{"line":58,"column":21}},"28":{"start":{"line":58,"column":12},"end":{"line":58,"column":21}},"29":{"start":{"line":60,"column":8},"end":{"line":68,"column":9}},"30":{"start":{"line":62,"column":12},"end":{"line":62,"column":23}},"31":{"start":{"line":63,"column":12},"end":{"line":63,"column":20}},"32":{"start":{"line":67,"column":12},"end":{"line":67,"column":21}},"33":{"start":{"line":70,"column":9},"end":{"line":99,"column":5}},"34":{"start":{"line":72,"column":8},"end":{"line":73,"column":21}},"35":{"start":{"line":73,"column":12},"end":{"line":73,"column":21}},"36":{"start":{"line":75,"column":8},"end":{"line":83,"column":9}},"37":{"start":{"line":77,"column":12},"end":{"line":77,"column":23}},"38":{"start":{"line":78,"column":12},"end":{"line":78,"column":20}},"39":{"start":{"line":82,"column":12},"end":{"line":82,"column":21}},"40":{"start":{"line":87,"column":8},"end":{"line":88,"column":21}},"41":{"start":{"line":88,"column":12},"end":{"line":88,"column":21}},"42":{"start":{"line":90,"column":8},"end":{"line":98,"column":9}},"43":{"start":{"line":92,"column":12},"end":{"line":92,"column":23}},"44":{"start":{"line":93,"column":12},"end":{"line":93,"column":20}},"45":{"start":{"line":97,"column":12},"end":{"line":97,"column":21}},"46":{"start":{"line":101,"column":4},"end":{"line":101,"column":75}},"47":{"start":{"line":104,"column":0},"end":{"line":117,"column":1}},"48":{"start":{"line":106,"column":4},"end":{"line":106,"column":41}},"49":{"start":{"line":107,"column":4},"end":{"line":107,"column":33}},"50":{"start":{"line":109,"column":4},"end":{"line":110,"column":17}},"51":{"start":{"line":110,"column":8},"end":{"line":110,"column":17}},"52":{"start":{"line":112,"column":4},"end":{"line":116,"column":14}},"53":{"start":{"line":120,"column":0},"end":{"line":146,"column":1}},"54":{"start":{"line":122,"column":2},"end":{"line":145,"column":3}},"55":{"start":{"line":124,"column":8},"end":{"line":124,"column":23}},"56":{"start":{"line":128,"column":4},"end":{"line":128,"column":48}},"57":{"start":{"line":129,"column":4},"end":{"line":144,"column":5}},"58":{"start":{"line":131,"column":6},"end":{"line":131,"column":21}},"59":{"start":{"line":135,"column":6},"end":{"line":135,"column":38}},"60":{"start":{"line":136,"column":6},"end":{"line":143,"column":7}},"61":{"start":{"line":138,"column":8},"end":{"line":138,"column":21}},"62":{"start":{"line":142,"column":8},"end":{"line":142,"column":20}},"63":{"start":{"line":150,"column":0},"end":{"line":150,"column":34}},"64":{"start":{"line":151,"column":0},"end":{"line":151,"column":38}},"65":{"start":{"line":152,"column":0},"end":{"line":152,"column":41}},"66":{"start":{"line":153,"column":0},"end":{"line":153,"column":33}}},"branchMap":{"1":{"line":5,"type":"if","locations":[{"start":{"line":5,"column":2},"end":{"line":5,"column":2}},{"start":{"line":5,"column":2},"end":{"line":5,"column":2}}]},"2":{"line":8,"type":"if","locations":[{"start":{"line":8,"column":2},"end":{"line":8,"column":2}},{"start":{"line":8,"column":2},"end":{"line":8,"column":2}}]},"3":{"line":10,"type":"if","locations":[{"start":{"line":10,"column":4},"end":{"line":10,"column":4}},{"start":{"line":10,"column":4},"end":{"line":10,"column":4}}]},"4":{"line":20,"type":"if","locations":[{"start":{"line":20,"column":2},"end":{"line":20,"column":2}},{"start":{"line":20,"column":2},"end":{"line":20,"column":2}}]},"5":{"line":34,"type":"if","locations":[{"start":{"line":34,"column":4},"end":{"line":34,"column":4}},{"start":{"line":34,"column":4},"end":{"line":34,"column":4}}]},"6":{"line":34,"type":"binary-expr","locations":[{"start":{"line":34,"column":8},"end":{"line":34,"column":18}},{"start":{"line":34,"column":22},"end":{"line":34,"column":32}},{"start":{"line":34,"column":36},"end":{"line":34,"column":44}},{"start":{"line":34,"column":48},"end":{"line":34,"column":56}}]},"7":{"line":37,"type":"if","locations":[{"start":{"line":37,"column":4},"end":{"line":37,"column":4}},{"start":{"line":37,"column":4},"end":{"line":37,"column":4}}]},"8":{"line":39,"type":"if","locations":[{"start":{"line":39,"column":8},"end":{"line":39,"column":8}},{"start":{"line":39,"column":8},"end":{"line":39,"column":8}}]},"9":{"line":39,"type":"binary-expr","locations":[{"start":{"line":39,"column":12},"end":{"line":39,"column":23}},{"start":{"line":39,"column":27},"end":{"line":39,"column":36}}]},"10":{"line":45,"type":"if","locations":[{"start":{"line":45,"column":13},"end":{"line":45,"column":13}},{"start":{"line":45,"column":13},"end":{"line":45,"column":13}}]},"11":{"line":55,"type":"if","locations":[{"start":{"line":55,"column":9},"end":{"line":55,"column":9}},{"start":{"line":55,"column":9},"end":{"line":55,"column":9}}]},"12":{"line":57,"type":"if","locations":[{"start":{"line":57,"column":8},"end":{"line":57,"column":8}},{"start":{"line":57,"column":8},"end":{"line":57,"column":8}}]},"13":{"line":60,"type":"if","locations":[{"start":{"line":60,"column":8},"end":{"line":60,"column":8}},{"start":{"line":60,"column":8},"end":{"line":60,"column":8}}]},"14":{"line":70,"type":"if","locations":[{"start":{"line":70,"column":9},"end":{"line":70,"column":9}},{"start":{"line":70,"column":9},"end":{"line":70,"column":9}}]},"15":{"line":72,"type":"if","locations":[{"start":{"line":72,"column":8},"end":{"line":72,"column":8}},{"start":{"line":72,"column":8},"end":{"line":72,"column":8}}]},"16":{"line":75,"type":"if","locations":[{"start":{"line":75,"column":8},"end":{"line":75,"column":8}},{"start":{"line":75,"column":8},"end":{"line":75,"column":8}}]},"17":{"line":87,"type":"if","locations":[{"start":{"line":87,"column":8},"end":{"line":87,"column":8}},{"start":{"line":87,"column":8},"end":{"line":87,"column":8}}]},"18":{"line":90,"type":"if","locations":[{"start":{"line":90,"column":8},"end":{"line":90,"column":8}},{"start":{"line":90,"column":8},"end":{"line":90,"column":8}}]},"19":{"line":109,"type":"if","locations":[{"start":{"line":109,"column":4},"end":{"line":109,"column":4}},{"start":{"line":109,"column":4},"end":{"line":109,"column":4}}]},"20":{"line":109,"type":"binary-expr","locations":[{"start":{"line":109,"column":8},"end":{"line":109,"column":17}},{"start":{"line":109,"column":21},"end":{"line":109,"column":40}}]},"21":{"line":122,"type":"if","locations":[{"start":{"line":122,"column":2},"end":{"line":122,"column":2}},{"start":{"line":122,"column":2},"end":{"line":122,"column":2}}]},"22":{"line":129,"type":"if","locations":[{"start":{"line":129,"column":4},"end":{"line":129,"column":4}},{"start":{"line":129,"column":4},"end":{"line":129,"column":4}}]},"23":{"line":136,"type":"if","locations":[{"start":{"line":136,"column":6},"end":{"line":136,"column":6}},{"start":{"line":136,"column":6},"end":{"line":136,"column":6}}]}}}}