TN:
SF:/Users/Huangying/Repositories/DevOps_M2/target.js
FN:4,checkLeapYear
FN:33,getTomorrowDate
FN:104,extractDate
FN:120,checkResult
FNF:4
FNH:4
FNDA:11,checkLeapYear
FNDA:84,getTomorrowDate
FNDA:1,extractDate
FNDA:20,checkResult
DA:2,1
DA:4,1
DA:5,11
DA:6,1
DA:8,10
DA:10,2
DA:12,1
DA:16,1
DA:20,8
DA:22,1
DA:26,7
DA:30,1
DA:31,1
DA:33,1
DA:34,84
DA:35,64
DA:37,20
DA:39,10
DA:41,1
DA:42,1
DA:43,1
DA:45,9
DA:47,0
DA:48,0
DA:52,9
DA:55,10
DA:57,10
DA:58,1
DA:60,9
DA:62,1
DA:63,1
DA:67,8
DA:70,0
DA:72,0
DA:73,0
DA:75,0
DA:77,0
DA:78,0
DA:82,0
DA:87,0
DA:88,0
DA:90,0
DA:92,0
DA:93,0
DA:97,0
DA:101,19
DA:104,1
DA:106,1
DA:107,1
DA:109,1
DA:110,1
DA:112,0
DA:120,1
DA:122,20
DA:124,10
DA:128,10
DA:129,10
DA:131,4
DA:135,6
DA:136,6
DA:138,6
DA:142,0
DA:150,1
DA:151,1
DA:152,1
DA:153,1
LF:66
LH:49
BRDA:5,1,0,1
BRDA:5,1,1,10
BRDA:8,2,0,2
BRDA:8,2,1,8
BRDA:10,3,0,1
BRDA:10,3,1,1
BRDA:20,4,0,1
BRDA:20,4,1,7
BRDA:34,5,0,64
BRDA:34,5,1,20
BRDA:34,6,0,84
BRDA:34,6,1,84
BRDA:34,6,2,42
BRDA:34,6,3,38
BRDA:37,7,0,10
BRDA:37,7,1,10
BRDA:39,8,0,1
BRDA:39,8,1,9
BRDA:39,9,0,10
BRDA:39,9,1,10
BRDA:45,10,0,0
BRDA:45,10,1,9
BRDA:55,11,0,10
BRDA:55,11,1,0
BRDA:57,12,0,1
BRDA:57,12,1,9
BRDA:60,13,0,1
BRDA:60,13,1,8
BRDA:70,14,0,0
BRDA:70,14,1,0
BRDA:72,15,0,0
BRDA:72,15,1,0
BRDA:75,16,0,0
BRDA:75,16,1,0
BRDA:87,17,0,0
BRDA:87,17,1,0
BRDA:90,18,0,0
BRDA:90,18,1,0
BRDA:109,19,0,1
BRDA:109,19,1,0
BRDA:109,20,0,1
BRDA:109,20,1,0
BRDA:122,21,0,10
BRDA:122,21,1,10
BRDA:129,22,0,4
BRDA:129,22,1,6
BRDA:136,23,0,6
BRDA:136,23,1,0
BRF:48
BRH:33
end_of_record
