TN:
SF:/Users/Huangying/Repositories/DevOps_M2/target.js
FN:4,checkLeapYear
FN:33,getTomorrowDate
FN:104,extractDate
FN:120,checkResult
FNF:4
FNH:4
FNDA:11,checkLeapYear
FNDA:110,getTomorrowDate
FNDA:1,extractDate
FNDA:20,checkResult
DA:2,1
DA:4,1
DA:5,11
DA:6,1
DA:8,10
DA:10,2
DA:12,1
DA:16,1
DA:20,8
DA:22,1
DA:26,7
DA:30,1
DA:31,1
DA:33,1
DA:34,110
DA:35,77
DA:37,33
DA:39,33
DA:41,1
DA:42,1
DA:43,1
DA:45,32
DA:47,2
DA:48,2
DA:52,30
DA:55,0
DA:57,0
DA:58,0
DA:60,0
DA:62,0
DA:63,0
DA:67,0
DA:70,0
DA:72,0
DA:73,0
DA:75,0
DA:77,0
DA:78,0
DA:82,0
DA:87,0
DA:88,0
DA:90,0
DA:92,0
DA:93,0
DA:97,0
DA:101,33
DA:104,1
DA:106,1
DA:107,1
DA:109,1
DA:110,1
DA:112,0
DA:120,1
DA:122,20
DA:124,10
DA:128,10
DA:129,10
DA:131,5
DA:135,5
DA:136,5
DA:138,5
DA:142,0
DA:150,1
DA:151,1
DA:152,1
DA:153,1
LF:66
LH:44
BRDA:5,1,0,1
BRDA:5,1,1,10
BRDA:8,2,0,2
BRDA:8,2,1,8
BRDA:10,3,0,1
BRDA:10,3,1,1
BRDA:20,4,0,1
BRDA:20,4,1,7
BRDA:34,5,0,77
BRDA:34,5,1,33
BRDA:34,6,0,110
BRDA:34,6,1,110
BRDA:34,6,2,66
BRDA:34,6,3,60
BRDA:37,7,0,33
BRDA:37,7,1,0
BRDA:39,8,0,1
BRDA:39,8,1,32
BRDA:39,9,0,33
BRDA:39,9,1,11
BRDA:45,10,0,2
BRDA:45,10,1,30
BRDA:55,11,0,0
BRDA:55,11,1,0
BRDA:57,12,0,0
BRDA:57,12,1,0
BRDA:60,13,0,0
BRDA:60,13,1,0
BRDA:70,14,0,0
BRDA:70,14,1,0
BRDA:72,15,0,0
BRDA:72,15,1,0
BRDA:75,16,0,0
BRDA:75,16,1,0
BRDA:87,17,0,0
BRDA:87,17,1,0
BRDA:90,18,0,0
BRDA:90,18,1,0
BRDA:109,19,0,1
BRDA:109,19,1,0
BRDA:109,20,0,1
BRDA:109,20,1,0
BRDA:122,21,0,10
BRDA:122,21,1,10
BRDA:129,22,0,5
BRDA:129,22,1,5
BRDA:136,23,0,5
BRDA:136,23,1,0
BRF:48
BRH:28
end_of_record
